<?xml version="1.0" encoding="UTF-8"?>
<!-- Generated by org.testng.reporters.JUnitXMLReporter -->
<testsuite hostname="Bhupender" name="Test" tests="3" failures="2" timestamp="30 Oct 2018 05:31:13 GMT" time="43.807" errors="0">
  <testcase name="ApplicationTittle" time="1.152" classname="com.TestApplication.Test_App">
    <failure type="java.lang.AssertionError" message="expected [Online Grocery Shopping : Best Online Supermarket and Grocery Store in India | Grofers] but found [Online Grocery Shopping - Buy Fruits, Vegetables, Groceries and More | Grofers]">
      <![CDATA[java.lang.AssertionError: expected [Online Grocery Shopping : Best Online Supermarket and Grocery Store in India | Grofers] but found [Online Grocery Shopping - Buy Fruits, Vegetables, Groceries and More | Grofers]
	at com.PageObjectMainClass.CheckApplicationTitle.CheckTitleAndURL(CheckApplicationTitle.java:23)
	at com.TestApplication.Test_App.ApplicationTittle(Test_App.java:44)
... Removed 29 stack frames]]>
    </failure>
  </testcase> <!-- ApplicationTittle -->
  <testcase name="selectlocation" time="0.968" classname="com.TestApplication.Test_App"/>
  <testcase name="SelectAddToCartElement" time="10.27" classname="com.TestApplication.Test_App">
    <failure type="org.openqa.selenium.NoSuchElementException" message="no such element: Unable to locate element: {&amp;quot;method&amp;quot;:&amp;quot;xpath&amp;quot;,&amp;quot;selector&amp;quot;:&amp;quot;.//*[@id=&amp;apos;app&amp;apos;]/div/div[2]/div[4]/div/div/div/div[2]/div/div/div/div/div/div/div[1]/a/div/div[6]/div[2]/div/button[2]&amp;quot;}
  (Session info: chrome=70.0.3538.77)
  (Driver info: chromedriver=2.35.528161 (5b82f2d2aae0ca24b877009200ced9065a772e73),platform=Windows NT 6.3.9600 x86_64) (WARNING: The server did not provide any stacktrace information)
Command duration or timeout: 35 milliseconds
For documentation on this error, please visit: http://seleniumhq.org/exceptions/no_such_element.html
Build info: version: &amp;apos;2.45.0&amp;apos;, revision: &amp;apos;5017cb8e7ca8e37638dc3091b2440b90a1d8686f&amp;apos;, time: &amp;apos;2015-02-27 09:10:26&amp;apos;
System info: host: &amp;apos;Bhupender&amp;apos;, ip: &amp;apos;192.168.43.11&amp;apos;, os.name: &amp;apos;Windows 8.1&amp;apos;, os.arch: &amp;apos;amd64&amp;apos;, os.version: &amp;apos;6.3&amp;apos;, java.version: &amp;apos;1.8.0_131&amp;apos;
Driver info: org.openqa.selenium.chrome.ChromeDriver
Capabilities [{applicationCacheEnabled=false, rotatable=false, mobileEmulationEnabled=false, networkConnectionEnabled=false, chrome={chromedriverVersion=2.35.528161 (5b82f2d2aae0ca24b877009200ced9065a772e73), userDataDir=C:\Users\BHUPEN~1\AppData\Local\Temp\scoped_dir4260_24760}, takesHeapSnapshot=true, pageLoadStrategy=normal, databaseEnabled=false, handlesAlerts=true, hasTouchScreen=false, version=70.0.3538.77, platform=WIN8_1, browserConnectionEnabled=false, nativeEvents=true, acceptSslCerts=false, acceptInsecureCerts=false, locationContextEnabled=true, webStorageEnabled=true, browserName=chrome, takesScreenshot=true, javascriptEnabled=true, cssSelectorsEnabled=true, setWindowRect=true, unexpectedAlertBehaviour=}]
Session ID: 1d7d680a6334b0ce0c028f5d19986a12
*** Element info: {Using=xpath, value=.//*[@id=&amp;apos;app&amp;apos;]/div/div[2]/div[4]/div/div/div/div[2]/div/div/div/div/div/div/div[1]/a/div/div[6]/div[2]/div/button[2]}">
      <![CDATA[org.openqa.selenium.NoSuchElementException: no such element: Unable to locate element: {"method":"xpath","selector":".//*[@id='app']/div/div[2]/div[4]/div/div/div/div[2]/div/div/div/div/div/div/div[1]/a/div/div[6]/div[2]/div/button[2]"}
  (Session info: chrome=70.0.3538.77)
  (Driver info: chromedriver=2.35.528161 (5b82f2d2aae0ca24b877009200ced9065a772e73),platform=Windows NT 6.3.9600 x86_64) (WARNING: The server did not provide any stacktrace information)
Command duration or timeout: 35 milliseconds
For documentation on this error, please visit: http://seleniumhq.org/exceptions/no_such_element.html
Build info: version: '2.45.0', revision: '5017cb8e7ca8e37638dc3091b2440b90a1d8686f', time: '2015-02-27 09:10:26'
System info: host: 'Bhupender', ip: '192.168.43.11', os.name: 'Windows 8.1', os.arch: 'amd64', os.version: '6.3', java.version: '1.8.0_131'
Driver info: org.openqa.selenium.chrome.ChromeDriver
Capabilities [{applicationCacheEnabled=false, rotatable=false, mobileEmulationEnabled=false, networkConnectionEnabled=false, chrome={chromedriverVersion=2.35.528161 (5b82f2d2aae0ca24b877009200ced9065a772e73), userDataDir=C:\Users\BHUPEN~1\AppData\Local\Temp\scoped_dir4260_24760}, takesHeapSnapshot=true, pageLoadStrategy=normal, databaseEnabled=false, handlesAlerts=true, hasTouchScreen=false, version=70.0.3538.77, platform=WIN8_1, browserConnectionEnabled=false, nativeEvents=true, acceptSslCerts=false, acceptInsecureCerts=false, locationContextEnabled=true, webStorageEnabled=true, browserName=chrome, takesScreenshot=true, javascriptEnabled=true, cssSelectorsEnabled=true, setWindowRect=true, unexpectedAlertBehaviour=}]
Session ID: 1d7d680a6334b0ce0c028f5d19986a12
*** Element info: {Using=xpath, value=.//*[@id='app']/div/div[2]/div[4]/div/div/div/div[2]/div/div/div/div/div/div/div[1]/a/div/div[6]/div[2]/div/button[2]}
	at org.openqa.selenium.remote.ErrorHandler.createThrowable(ErrorHandler.java:204)
	at org.openqa.selenium.remote.ErrorHandler.throwIfResponseFailed(ErrorHandler.java:156)
	at org.openqa.selenium.remote.RemoteWebDriver.execute(RemoteWebDriver.java:599)
	at org.openqa.selenium.remote.RemoteWebDriver.findElement(RemoteWebDriver.java:352)
	at org.openqa.selenium.remote.RemoteWebDriver.findElementByXPath(RemoteWebDriver.java:449)
	at org.openqa.selenium.By$ByXPath.findElement(By.java:357)
	at org.openqa.selenium.remote.RemoteWebDriver.findElement(RemoteWebDriver.java:344)
	at org.openqa.selenium.support.pagefactory.DefaultElementLocator.findElement(DefaultElementLocator.java:59)
	at org.openqa.selenium.support.pagefactory.internal.LocatingElementHandler.invoke(LocatingElementHandler.java:37)
	at com.sun.proxy.$Proxy7.click(Unknown Source)
	at com.ApplicationHandler.AddToCartController.AddToCart(AddToCartController.java:17)
	at com.TestApplication.Test_App.SelectAddToCartElement(Test_App.java:63)
... Removed 28 stack frames]]>
    </failure>
  </testcase> <!-- SelectAddToCartElement -->
</testsuite> <!-- Test -->
