<?xml version="1.0" encoding="UTF-8"?>
<!-- Generated by org.testng.reporters.JUnitXMLReporter -->
<testsuite hostname="Bhupender" ignored="0" name="Command line test" tests="5" failures="0" timestamp="18 May 2018 05:20:08 GMT" time="0.047" errors="0">
  <testcase name="@BeforeClass TestApplication" time="0.0" classname="com.TestApplication.Test_App">
    <failure type="org.testng.TestNGException" message="
Parameter &amp;apos;browser&amp;apos; is required by BeforeClass on method TestApplication but has not been marked @Optional or defined
">
      <![CDATA[org.testng.TestNGException: 
Parameter 'browser' is required by BeforeClass on method TestApplication but has not been marked @Optional or defined

... Removed 33 stack frames]]>
    </failure>
  </testcase> <!-- @BeforeClass TestApplication -->
  <testcase name="ApplicationTittle" time="0.0" classname="com.TestApplication.Test_App">
    <skipped/>
  </testcase> <!-- ApplicationTittle -->
  <testcase name="verifypagelement" time="0.0" classname="com.TestApplication.Test_App">
    <skipped/>
  </testcase> <!-- verifypagelement -->
  <testcase name="storeandobject" time="0.0" classname="com.TestApplication.Test_App">
    <skipped/>
  </testcase> <!-- storeandobject -->
  <testcase name="linkWorking" time="0.0" classname="com.TestApplication.Test_App">
    <skipped/>
  </testcase> <!-- linkWorking -->
  <testcase name="ReadLinksInExcel" time="0.0" classname="com.TestApplication.Test_App">
    <skipped/>
  </testcase> <!-- ReadLinksInExcel -->
</testsuite> <!-- Command line test -->
