-------------------------------------------------------------------------------
Test set: TestSuite
-------------------------------------------------------------------------------
Tests run: 5, Failures: 1, Errors: 0, Skipped: 0, Time elapsed: 21.877 s <<< FAILURE! - in TestSuite
ReadLinksInExcel(com.TestApplication.Test_App)  Time elapsed: 0.34 s  <<< FAILURE!
java.lang.ClassCastException: java.util.ArrayList cannot be cast to org.openqa.selenium.WebElement
	at com.TestApplication.Test_App.ReadLinksInExcel(Test_App.java:65)

